#
# There is insufficient memory for the Java Runtime Environment to continue.
# Native memory allocation (malloc) failed to allocate 1161008 bytes for Chunk::new
# Possible reasons:
#   The system is out of physical RAM or swap space
#   In 32 bit mode, the process size limit was hit
# Possible solutions:
#   Reduce memory load on the system
#   Increase physical memory or swap space
#   Check if swap backing store is full
#   Use 64 bit Java on a 64 bit OS
#   Decrease Java heap size (-Xmx/-Xms)
#   Decrease number of Java threads
#   Decrease Java thread stack sizes (-Xss)
#   Set larger code cache with -XX:ReservedCodeCacheSize=
# This output file may be truncated or incomplete.
#
#  Out of Memory Error (allocation.cpp:390), pid=4404, tid=0x0000000000002f5c
#
# JRE version: OpenJDK Runtime Environment (8.0_152-b01) (build 1.8.0_152-release-915-b01)
# Java VM: OpenJDK 64-Bit Server VM (25.152-b01 mixed mode windows-amd64 compressed oops)
# Failed to write core dump. Minidumps are not enabled by default on client versions of Windows
#

---------------  T H R E A D  ---------------

Current thread (0x0000000016f2b000):  JavaThread "C2 CompilerThread0" daemon [_thread_in_native, id=12124, stack(0x0000000018920000,0x0000000018a20000)]

Stack: [0x0000000018920000,0x0000000018a20000]
[error occurred during error reporting (printing stack bounds), id 0xc0000005]

Native frames: (J=compiled Java code, j=interpreted, Vv=VM code, C=native code)


Current CompileTask:
C2:  14373 6951       4       java.io.ObjectOutputStream::writeClassDesc (60 bytes)


---------------  P R O C E S S  ---------------

Java Threads: ( => current thread )
  0x000000001d876000 JavaThread "Task worker for ':' Thread 3" [_thread_blocked, id=13804, stack(0x0000000023800000,0x0000000023900000)]
  0x000000001d878800 JavaThread "Task worker for ':' Thread 2" [_thread_blocked, id=4868, stack(0x0000000023700000,0x0000000023800000)]
  0x000000001d875800 JavaThread "Task worker for ':'" [_thread_blocked, id=14012, stack(0x0000000023600000,0x0000000023700000)]
  0x000000001d872800 JavaThread "Cache worker for task history cache (D:\writerwriter\NTPU\SoftwareEngineering\LibraAssist\.gradle\4.1\taskHistory)" [_thread_blocked, id=16240, stack(0x0000000023500000,0x0000000023600000)]
  0x000000001d877000 JavaThread "Cache worker for file content cache (D:\writerwriter\NTPU\SoftwareEngineering\LibraAssist\.gradle\4.1\fileContent)" [_thread_blocked, id=10296, stack(0x0000000022310000,0x0000000022410000)]
  0x000000001a50a800 JavaThread "Memory manager" [_thread_blocked, id=11160, stack(0x0000000021f90000,0x0000000022090000)]
  0x000000001a507000 JavaThread "build operations Thread 4" [_thread_blocked, id=2348, stack(0x0000000021d90000,0x0000000021e90000)]
  0x000000001a509000 JavaThread "build operations Thread 3" [_thread_blocked, id=5084, stack(0x0000000021c90000,0x0000000021d90000)]
  0x000000001a50a000 JavaThread "build operations Thread 2" [_thread_blocked, id=1516, stack(0x0000000021b90000,0x0000000021c90000)]
  0x000000001a507800 JavaThread "build operations" [_thread_blocked, id=10600, stack(0x000000001f350000,0x000000001f450000)]
  0x000000001a506000 JavaThread "Cache worker for Artifact transforms cache (C:\Users\Larry\.gradle\caches\transforms-1)" [_thread_blocked, id=9352, stack(0x000000001dba0000,0x000000001dca0000)]
  0x000000001a7bb800 JavaThread "Cache worker for file hash cache (D:\writerwriter\NTPU\SoftwareEngineering\LibraAssist\.gradle\4.1\fileHashes)" [_thread_blocked, id=3980, stack(0x000000001c8d0000,0x000000001c9d0000)]
  0x000000001a4a5000 JavaThread "File lock request listener" [_thread_in_native, id=6964, stack(0x000000001c7d0000,0x000000001c8d0000)]
  0x000000001a522800 JavaThread "Cache worker for file hash cache (C:\Users\Larry\.gradle\caches\4.1\fileHashes)" [_thread_blocked, id=7500, stack(0x000000001c6d0000,0x000000001c7d0000)]
  0x0000000019d5a000 JavaThread "Stdin handler" [_thread_blocked, id=13176, stack(0x000000001c3d0000,0x000000001c4d0000)]
  0x0000000019cfa800 JavaThread "Asynchronous log dispatcher for DefaultDaemonConnection: socket connection from /127.0.0.1:61832 to /127.0.0.1:61833" [_thread_blocked, id=15976, stack(0x000000001c2d0000,0x000000001c3d0000)]
  0x000000001a560000 JavaThread "Daemon worker" [_thread_in_native, id=10876, stack(0x000000001c1d0000,0x000000001c2d0000)]
  0x000000001a563000 JavaThread "Cancel handler" [_thread_blocked, id=7664, stack(0x000000001c0d0000,0x000000001c1d0000)]
  0x0000000019d2f800 JavaThread "Handler for socket connection from /127.0.0.1:61832 to /127.0.0.1:61833" [_thread_in_native, id=1084, stack(0x000000001bdd0000,0x000000001bed0000)]
  0x000000001a308800 JavaThread "Daemon" [_thread_blocked, id=15980, stack(0x000000001bcd0000,0x000000001bdd0000)]
  0x000000001a305800 JavaThread "Daemon periodic checks" [_thread_blocked, id=5264, stack(0x000000001bbd0000,0x000000001bcd0000)]
  0x0000000019b32000 JavaThread "Incoming local TCP Connector on port 61832" [_thread_in_native, id=13052, stack(0x000000001a5f0000,0x000000001a6f0000)]
  0x00000000183a8800 JavaThread "Service Thread" daemon [_thread_blocked, id=6476, stack(0x0000000018c20000,0x0000000018d20000)]
  0x000000001832f800 JavaThread "C1 CompilerThread2" daemon [_thread_blocked, id=8272, stack(0x0000000018b20000,0x0000000018c20000)]
  0x0000000016f2d800 JavaThread "C2 CompilerThread1" daemon [_thread_in_native, id=16076, stack(0x0000000018a20000,0x0000000018b20000)]
=>0x0000000016f2b000 JavaThread "C2 CompilerThread0" daemon [_thread_in_native, id=12124, stack(0x0000000018920000,0x0000000018a20000)]
  0x0000000018328800 JavaThread "Attach Listener" daemon [_thread_blocked, id=15948, stack(0x0000000018820000,0x0000000018920000)]
  0x0000000016ede000 JavaThread "Signal Dispatcher" daemon [_thread_blocked, id=6456, stack(0x0000000018720000,0x0000000018820000)]
  0x0000000016eb8800 JavaThread "Finalizer" daemon [_thread_blocked, id=16176, stack(0x0000000018120000,0x0000000018220000)]
  0x0000000016e97000 JavaThread "Reference Handler" daemon [_thread_blocked, id=16000, stack(0x0000000018020000,0x0000000018120000)]
  0x000000000308d800 JavaThread "main" [_thread_blocked, id=1496, stack(0x0000000002f80000,0x0000000003080000)]

Other Threads:
  0x0000000016e96000 VMThread [stack: 0x0000000017f20000,0x0000000018020000] [id=6988]
  0x00000000183b2000 WatcherThread [stack: 0x0000000018d20000,0x0000000018e20000] [id=768]

VM state:not at safepoint (normal execution)

VM Mutex/Monitor currently owned by a thread: None

Heap:
 PSYoungGen      total 108544K, used 65300K [0x00000000e0000000, 0x00000000e8900000, 0x0000000100000000)
  eden space 95744K, 54% used [0x00000000e0000000,0x00000000e334bd68,0x00000000e5d80000)
  from space 12800K, 99% used [0x00000000e6e00000,0x00000000e7a794d0,0x00000000e7a80000)
  to   space 16896K, 0% used [0x00000000e5d80000,0x00000000e5d80000,0x00000000e6e00000)
 ParOldGen       total 108544K, used 25578K [0x00000000a0000000, 0x00000000a6a00000, 0x00000000e0000000)
  object space 108544K, 23% used [0x00000000a0000000,0x00000000a18fab10,0x00000000a6a00000)
 Metaspace       used 53754K, capacity 55586K, committed 55896K, reserved 1097728K
  class space    used 7255K, capacity 7746K, committed 7808K, reserved 1048576K

Card table byte_map: [0x0000000012920000,0x0000000012c30000] byte_map_base: 0x0000000012420000

Marking Bits: (ParMarkBitMap*) 0x0000000076b23950
 Begin Bits: [0x0000000013230000, 0x0000000014a30000)
 End Bits:   [0x0000000014a30000, 0x0000000016230000)

Polling page: 0x0000000001770000

CodeCache: size=245760Kb used=20383Kb max_used=21567Kb free=225376Kb
 bounds [0x0000000003560000, 0x0000000004a90000, 0x0000000012560000]
 total_blobs=7007 nmethods=6244 adapters=675
 compilation: enabled

Compilation events (10 events):
Event: 14.266 Thread 0x000000001832f800 7136   !   3       org.gradle.api.internal.file.FileOrUriNotationConverter::convert (329 bytes)
Event: 14.269 Thread 0x000000001832f800 nmethod 7136 0x0000000003a07050 code [0x0000000003a07500, 0x0000000003a0a678]
Event: 14.269 Thread 0x000000001832f800 7139       2       sun.misc.PerfCounter::getReadClassBytesTime (4 bytes)
Event: 14.269 Thread 0x000000001832f800 nmethod 7139 0x0000000003eea4d0 code [0x0000000003eea620, 0x0000000003eea750]
Event: 14.269 Thread 0x000000001832f800 7137       3       com.google.common.collect.ImmutableSortedMap::naturalOrder (11 bytes)
Event: 14.269 Thread 0x000000001832f800 nmethod 7137 0x0000000003a1f690 code [0x0000000003a1f820, 0x0000000003a1fcb0]
Event: 14.269 Thread 0x000000001832f800 7138       3       com.google.common.collect.ImmutableSortedMap$Builder::<init> (16 bytes)
Event: 14.270 Thread 0x000000001832f800 nmethod 7138 0x0000000003783cd0 code [0x0000000003783e60, 0x00000000037842e8]
Event: 14.281 Thread 0x000000001832f800 7140       3       org.gradle.api.internal.artifacts.configurations.DefaultConfiguration_Decorated::getDependencies (38 bytes)
Event: 14.282 Thread 0x000000001832f800 nmethod 7140 0x0000000003f4ea50 code [0x0000000003f4ec20, 0x0000000003f4f368]

GC Heap History (10 events):
Event: 7.141 GC heap before
{Heap before GC invocations=10 (full 1):
 PSYoungGen      total 80896K, used 30360K [0x00000000e0000000, 0x00000000e5a00000, 0x0000000100000000)
  eden space 71680K, 33% used [0x00000000e0000000,0x00000000e1747578,0x00000000e4600000)
  from space 9216K, 70% used [0x00000000e5100000,0x00000000e575eaf8,0x00000000e5a00000)
  to   space 10240K, 0% used [0x00000000e4600000,0x00000000e4600000,0x00000000e5000000)
 ParOldGen       total 67072K, used 9034K [0x00000000a0000000, 0x00000000a4180000, 0x00000000e0000000)
  object space 67072K, 13% used [0x00000000a0000000,0x00000000a08d2820,0x00000000a4180000)
 Metaspace       used 34420K, capacity 35270K, committed 35416K, reserved 1079296K
  class space    used 4674K, capacity 4958K, committed 4992K, reserved 1048576K
Event: 7.155 GC heap after
Heap after GC invocations=10 (full 1):
 PSYoungGen      total 81920K, used 9379K [0x00000000e0000000, 0x00000000e7180000, 0x0000000100000000)
  eden space 71680K, 0% used [0x00000000e0000000,0x00000000e0000000,0x00000000e4600000)
  from space 10240K, 91% used [0x00000000e4600000,0x00000000e4f28f88,0x00000000e5000000)
  to   space 11264K, 0% used [0x00000000e6680000,0x00000000e6680000,0x00000000e7180000)
 ParOldGen       total 67072K, used 9042K [0x00000000a0000000, 0x00000000a4180000, 0x00000000e0000000)
  object space 67072K, 13% used [0x00000000a0000000,0x00000000a08d4820,0x00000000a4180000)
 Metaspace       used 34420K, capacity 35270K, committed 35416K, reserved 1079296K
  class space    used 4674K, capacity 4958K, committed 4992K, reserved 1048576K
}
Event: 7.155 GC heap before
{Heap before GC invocations=11 (full 2):
 PSYoungGen      total 81920K, used 9379K [0x00000000e0000000, 0x00000000e7180000, 0x0000000100000000)
  eden space 71680K, 0% used [0x00000000e0000000,0x00000000e0000000,0x00000000e4600000)
  from space 10240K, 91% used [0x00000000e4600000,0x00000000e4f28f88,0x00000000e5000000)
  to   space 11264K, 0% used [0x00000000e6680000,0x00000000e6680000,0x00000000e7180000)
 ParOldGen       total 67072K, used 9042K [0x00000000a0000000, 0x00000000a4180000, 0x00000000e0000000)
  object space 67072K, 13% used [0x00000000a0000000,0x00000000a08d4820,0x00000000a4180000)
 Metaspace       used 34420K, capacity 35270K, committed 35416K, reserved 1079296K
  class space    used 4674K, capacity 4958K, committed 4992K, reserved 1048576K
Event: 7.336 GC heap after
Heap after GC invocations=11 (full 2):
 PSYoungGen      total 81920K, used 0K [0x00000000e0000000, 0x00000000e7180000, 0x0000000100000000)
  eden space 71680K, 0% used [0x00000000e0000000,0x00000000e0000000,0x00000000e4600000)
  from space 10240K, 0% used [0x00000000e4600000,0x00000000e4600000,0x00000000e5000000)
  to   space 11264K, 0% used [0x00000000e6680000,0x00000000e6680000,0x00000000e7180000)
 ParOldGen       total 108544K, used 15625K [0x00000000a0000000, 0x00000000a6a00000, 0x00000000e0000000)
  object space 108544K, 14% used [0x00000000a0000000,0x00000000a0f42620,0x00000000a6a00000)
 Metaspace       used 34420K, capacity 35270K, committed 35416K, reserved 1079296K
  class space    used 4674K, capacity 4958K, committed 4992K, reserved 1048576K
}
Event: 8.412 GC heap before
{Heap before GC invocations=12 (full 2):
 PSYoungGen      total 81920K, used 71680K [0x00000000e0000000, 0x00000000e7180000, 0x0000000100000000)
  eden space 71680K, 100% used [0x00000000e0000000,0x00000000e4600000,0x00000000e4600000)
  from space 10240K, 0% used [0x00000000e4600000,0x00000000e4600000,0x00000000e5000000)
  to   space 11264K, 0% used [0x00000000e6680000,0x00000000e6680000,0x00000000e7180000)
 ParOldGen       total 108544K, used 15625K [0x00000000a0000000, 0x00000000a6a00000, 0x00000000e0000000)
  object space 108544K, 14% used [0x00000000a0000000,0x00000000a0f42620,0x00000000a6a00000)
 Metaspace       used 40033K, capacity 40866K, committed 41176K, reserved 1085440K
  class space    used 5328K, capacity 5626K, committed 5632K, reserved 1048576K
Event: 8.420 GC heap after
Heap after GC invocations=12 (full 2):
 PSYoungGen      total 91136K, used 6283K [0x00000000e0000000, 0x00000000e6d00000, 0x0000000100000000)
  eden space 84480K, 0% used [0x00000000e0000000,0x00000000e0000000,0x00000000e5280000)
  from space 6656K, 94% used [0x00000000e6680000,0x00000000e6ca2d18,0x00000000e6d00000)
  to   space 10752K, 0% used [0x00000000e5800000,0x00000000e5800000,0x00000000e6280000)
 ParOldGen       total 108544K, used 15633K [0x00000000a0000000, 0x00000000a6a00000, 0x00000000e0000000)
  object space 108544K, 14% used [0x00000000a0000000,0x00000000a0f44620,0x00000000a6a00000)
 Metaspace       used 40033K, capacity 40866K, committed 41176K, reserved 1085440K
  class space    used 5328K, capacity 5626K, committed 5632K, reserved 1048576K
}
Event: 10.077 GC heap before
{Heap before GC invocations=13 (full 2):
 PSYoungGen      total 91136K, used 90763K [0x00000000e0000000, 0x00000000e6d00000, 0x0000000100000000)
  eden space 84480K, 100% used [0x00000000e0000000,0x00000000e5280000,0x00000000e5280000)
  from space 6656K, 94% used [0x00000000e6680000,0x00000000e6ca2d18,0x00000000e6d00000)
  to   space 10752K, 0% used [0x00000000e5800000,0x00000000e5800000,0x00000000e6280000)
 ParOldGen       total 108544K, used 15633K [0x00000000a0000000, 0x00000000a6a00000, 0x00000000e0000000)
  object space 108544K, 14% used [0x00000000a0000000,0x00000000a0f44620,0x00000000a6a00000)
 Metaspace       used 46672K, capacity 47820K, committed 48088K, reserved 1091584K
  class space    used 6238K, capacity 6589K, committed 6656K, reserved 1048576K
Event: 10.098 GC heap after
Heap after GC invocations=13 (full 2):
 PSYoungGen      total 100864K, used 10725K [0x00000000e0000000, 0x00000000e7a80000, 0x0000000100000000)
  eden space 90112K, 0% used [0x00000000e0000000,0x00000000e0000000,0x00000000e5800000)
  from space 10752K, 99% used [0x00000000e5800000,0x00000000e62795e0,0x00000000e6280000)
  to   space 12800K, 0% used [0x00000000e6e00000,0x00000000e6e00000,0x00000000e7a80000)
 ParOldGen       total 108544K, used 18406K [0x00000000a0000000, 0x00000000a6a00000, 0x00000000e0000000)
  object space 108544K, 16% used [0x00000000a0000000,0x00000000a11f9b50,0x00000000a6a00000)
 Metaspace       used 46672K, capacity 47820K, committed 48088K, reserved 1091584K
  class space    used 6238K, capacity 6589K, committed 6656K, reserved 1048576K
}
Event: 11.892 GC heap before
{Heap before GC invocations=14 (full 2):
 PSYoungGen      total 100864K, used 100837K [0x00000000e0000000, 0x00000000e7a80000, 0x0000000100000000)
  eden space 90112K, 100% used [0x00000000e0000000,0x00000000e5800000,0x00000000e5800000)
  from space 10752K, 99% used [0x00000000e5800000,0x00000000e62795e0,0x00000000e6280000)
  to   space 12800K, 0% used [0x00000000e6e00000,0x00000000e6e00000,0x00000000e7a80000)
 ParOldGen       total 108544K, used 18406K [0x00000000a0000000, 0x00000000a6a00000, 0x00000000e0000000)
  object space 108544K, 16% used [0x00000000a0000000,0x00000000a11f9b50,0x00000000a6a00000)
 Metaspace       used 52453K, capacity 54276K, committed 54488K, reserved 1095680K
  class space    used 7107K, capacity 7575K, committed 7680K, reserved 1048576K
Event: 11.914 GC heap after
Heap after GC invocations=14 (full 2):
 PSYoungGen      total 108544K, used 12773K [0x00000000e0000000, 0x00000000e8900000, 0x0000000100000000)
  eden space 95744K, 0% used [0x00000000e0000000,0x00000000e0000000,0x00000000e5d80000)
  from space 12800K, 99% used [0x00000000e6e00000,0x00000000e7a794d0,0x00000000e7a80000)
  to   space 16896K, 0% used [0x00000000e5d80000,0x00000000e5d80000,0x00000000e6e00000)
 ParOldGen       total 108544K, used 25578K [0x00000000a0000000, 0x00000000a6a00000, 0x00000000e0000000)
  object space 108544K, 23% used [0x00000000a0000000,0x00000000a18fab10,0x00000000a6a00000)
 Metaspace       used 52453K, capacity 54276K, committed 54488K, reserved 1095680K
  class space    used 7107K, capacity 7575K, committed 7680K, reserved 1048576K
}

Deoptimization events (10 events):
Event: 14.074 Thread 0x000000001a560000 Uncommon trap: reason=unstable_if action=reinterpret pc=0x0000000004375464 method=java.util.HashMap$HashIterator.<init>(Ljava/util/HashMap;)V @ 45
Event: 14.074 Thread 0x000000001a560000 Uncommon trap: reason=unstable_if action=reinterpret pc=0x000000000432a540 method=java.util.HashMap$HashIterator.<init>(Ljava/util/HashMap;)V @ 45
Event: 14.075 Thread 0x000000001a560000 Uncommon trap: reason=class_check action=maybe_recompile pc=0x0000000003ebe45c method=com.google.common.collect.AbstractIterator.tryToComputeNext()Z @ 9
Event: 14.075 Thread 0x000000001a560000 Uncommon trap: reason=bimorphic action=maybe_recompile pc=0x000000000486b35c method=com.google.common.collect.Iterators$5.hasNext()Z @ 24
Event: 14.075 Thread 0x000000001a560000 Uncommon trap: reason=class_check action=maybe_recompile pc=0x0000000003a48d28 method=com.google.common.collect.ImmutableList$1.get(I)Ljava/lang/Object; @ 5
Event: 14.075 Thread 0x000000001a560000 Uncommon trap: reason=class_check action=maybe_recompile pc=0x0000000003a48d28 method=com.google.common.collect.ImmutableList$1.get(I)Ljava/lang/Object; @ 5
Event: 14.077 Thread 0x000000001a560000 Uncommon trap: reason=class_check action=maybe_recompile pc=0x0000000003ebe45c method=com.google.common.collect.AbstractIterator.tryToComputeNext()Z @ 9
Event: 14.090 Thread 0x000000001a560000 Uncommon trap: reason=bimorphic action=maybe_recompile pc=0x00000000046da7e0 method=com.google.common.collect.NaturalOrdering.compare(Ljava/lang/Comparable;Ljava/lang/Comparable;)I @ 12
Event: 14.090 Thread 0x000000001a560000 Uncommon trap: reason=bimorphic action=maybe_recompile pc=0x00000000046da7e0 method=com.google.common.collect.NaturalOrdering.compare(Ljava/lang/Comparable;Ljava/lang/Comparable;)I @ 12
Event: 14.092 Thread 0x000000001d872800 Uncommon trap: reason=unstable_if action=reinterpret pc=0x000000000454b2d4 method=java.util.regex.Pattern$Curly.match0(Ljava/util/regex/Matcher;IILjava/lang/CharSequence;)Z @ 5

Classes redefined (0 events):
No events

Internal exceptions (10 events):
Event: 11.723 Thread 0x000000001a560000 Exception <a 'java/lang/ClassNotFoundException': org/gradle/model/internal/core/ModelMapGroovyViewBeanInfo> (0x00000000e4f4f308) thrown at [D:\src\AOSP-openjdk-cygwin\jdk8u\hotspot\src\share\vm\classfile\systemDictionary.cpp, line 210]
Event: 11.723 Thread 0x000000001a560000 Exception <a 'java/lang/ClassNotFoundException': org/gradle/model/internal/core/ModelMapGroovyViewCustomizer> (0x00000000e4f62420) thrown at [D:\src\AOSP-openjdk-cygwin\jdk8u\hotspot\src\share\vm\classfile\systemDictionary.cpp, line 210]
Event: 11.724 Thread 0x000000001a560000 Exception <a 'java/lang/ClassNotFoundException': org/gradle/model/internal/core/NodeBackedModelMapCustomizer> (0x00000000e4f888c8) thrown at [D:\src\AOSP-openjdk-cygwin\jdk8u\hotspot\src\share\vm\classfile\systemDictionary.cpp, line 210]
Event: 11.727 Thread 0x000000001a560000 Exception <a 'java/lang/ClassNotFoundException': org/gradle/platform/base/BinaryContainer_ImplCustomizer> (0x00000000e4fe81d0) thrown at [D:\src\AOSP-openjdk-cygwin\jdk8u\hotspot\src\share\vm\classfile\systemDictionary.cpp, line 210]
Event: 11.922 Thread 0x000000001a560000 Exception <a 'java/lang/NoSuchMethodError': <clinit>> (0x00000000e0043fc8) thrown at [D:\src\AOSP-openjdk-cygwin\jdk8u\hotspot\src\share\vm\prims\jni.cpp, line 1613]
Event: 11.923 Thread 0x000000001a560000 Exception <a 'java/lang/NoSuchMethodError': <clinit>> (0x00000000e0052b78) thrown at [D:\src\AOSP-openjdk-cygwin\jdk8u\hotspot\src\share\vm\prims\jni.cpp, line 1613]
Event: 11.938 Thread 0x000000001a560000 Exception <a 'java/lang/NoSuchMethodError': <clinit>> (0x00000000e00e4128) thrown at [D:\src\AOSP-openjdk-cygwin\jdk8u\hotspot\src\share\vm\prims\jni.cpp, line 1613]
Event: 11.940 Thread 0x000000001a560000 Exception <a 'java/lang/NoSuchMethodError': <clinit>> (0x00000000e00ffe28) thrown at [D:\src\AOSP-openjdk-cygwin\jdk8u\hotspot\src\share\vm\prims\jni.cpp, line 1613]
Event: 11.940 Thread 0x000000001a560000 Exception <a 'java/lang/NoSuchMethodError': <clinit>> (0x00000000e0101c90) thrown at [D:\src\AOSP-openjdk-cygwin\jdk8u\hotspot\src\share\vm\prims\jni.cpp, line 1613]
Event: 12.050 Thread 0x000000001a560000 Implicit null exception at 0x00000000040e74f7 to 0x00000000040e7cbd

Events (10 events):
Event: 14.342 loading class com/google/common/io/CharSink
Event: 14.342 loading class com/google/common/io/CharSink done
Event: 14.342 loading class com/google/common/io/ByteSink$AsCharSink
Event: 14.342 loading class com/google/common/io/ByteSink$AsCharSink done
Event: 14.343 loading class com/google/common/io/Closer
Event: 14.343 loading class com/google/common/io/Closer done
Event: 14.345 loading class com/google/common/io/Closer$Suppressor
Event: 14.345 loading class com/google/common/io/Closer$Suppressor done
Event: 14.346 loading class com/google/common/io/Closer$SuppressingSuppressor
Event: 14.346 loading class com/google/common/io/Closer$SuppressingSuppressor done


Dynamic libraries:
0x00007ff7cf1a0000 - 0x00007ff7cf1d1000 	D:\android\androidStudio\jre\bin\java.exe
0x00007ffe617f0000 - 0x00007ffe619c2000 	C:\WINDOWS\SYSTEM32\ntdll.dll
0x00007ffe60ac0000 - 0x00007ffe60b6c000 	C:\WINDOWS\System32\KERNEL32.DLL
0x00007ffe5e7d0000 - 0x00007ffe5e9ed000 	C:\WINDOWS\System32\KERNELBASE.dll
0x00007ffe60e30000 - 0x00007ffe60ed2000 	C:\WINDOWS\System32\ADVAPI32.dll
0x00007ffe5f290000 - 0x00007ffe5f32e000 	C:\WINDOWS\System32\msvcrt.dll
0x00007ffe5f490000 - 0x00007ffe5f4e9000 	C:\WINDOWS\System32\sechost.dll
0x00007ffe5f140000 - 0x00007ffe5f261000 	C:\WINDOWS\System32\RPCRT4.dll
0x00007ffe61680000 - 0x00007ffe617e5000 	C:\WINDOWS\System32\USER32.dll
0x00007ffe5ebb0000 - 0x00007ffe5ebce000 	C:\WINDOWS\System32\win32u.dll
0x00007ffe60c50000 - 0x00007ffe60c84000 	C:\WINDOWS\System32\GDI32.dll
0x00007ffe5e650000 - 0x00007ffe5e7d0000 	C:\WINDOWS\System32\gdi32full.dll
0x00007ffe4e660000 - 0x00007ffe4e8da000 	C:\WINDOWS\WinSxS\amd64_microsoft.windows.common-controls_6595b64144ccf1df_6.0.14393.953_none_42151e83c686086b\COMCTL32.dll
0x00007ffe613b0000 - 0x00007ffe61678000 	C:\WINDOWS\System32\combase.dll
0x00007ffe5ec80000 - 0x00007ffe5ed75000 	C:\WINDOWS\System32\ucrtbase.dll
0x00007ffe5eb40000 - 0x00007ffe5ebaa000 	C:\WINDOWS\System32\bcryptPrimitives.dll
0x00007ffe5ee70000 - 0x00007ffe5ee9e000 	C:\WINDOWS\System32\IMM32.DLL
0x0000000076bd0000 - 0x0000000076ca2000 	D:\android\androidStudio\jre\jre\bin\msvcr100.dll
0x0000000076360000 - 0x0000000076b9e000 	D:\android\androidStudio\jre\jre\bin\server\jvm.dll
0x00007ffe5ed80000 - 0x00007ffe5ed88000 	C:\WINDOWS\System32\PSAPI.DLL
0x00007ffe5af60000 - 0x00007ffe5af69000 	C:\WINDOWS\SYSTEM32\WSOCK32.dll
0x00007ffe60b70000 - 0x00007ffe60bda000 	C:\WINDOWS\System32\WS2_32.dll
0x00007ffe5c160000 - 0x00007ffe5c183000 	C:\WINDOWS\SYSTEM32\WINMM.dll
0x00007ffe52a90000 - 0x00007ffe52a9a000 	C:\WINDOWS\SYSTEM32\VERSION.dll
0x00007ffe5c100000 - 0x00007ffe5c12b000 	C:\WINDOWS\SYSTEM32\WINMMBASE.dll
0x00007ffe5dec0000 - 0x00007ffe5df02000 	C:\WINDOWS\System32\cfgmgr32.dll
0x00007ffe5ae10000 - 0x00007ffe5ae1f000 	D:\android\androidStudio\jre\jre\bin\verify.dll
0x00007ffe574b0000 - 0x00007ffe574d9000 	D:\android\androidStudio\jre\jre\bin\java.dll
0x00007ffe59d30000 - 0x00007ffe59d46000 	D:\android\androidStudio\jre\jre\bin\zip.dll
0x00007ffe5f550000 - 0x00007ffe60a58000 	C:\WINDOWS\System32\SHELL32.dll
0x00007ffe5df70000 - 0x00007ffe5e648000 	C:\WINDOWS\System32\windows.storage.dll
0x00007ffe5dca0000 - 0x00007ffe5dcec000 	C:\WINDOWS\System32\powrprof.dll
0x00007ffe5f0e0000 - 0x00007ffe5f132000 	C:\WINDOWS\System32\shlwapi.dll
0x00007ffe5dc90000 - 0x00007ffe5dc9f000 	C:\WINDOWS\System32\kernel.appcore.dll
0x00007ffe5ebd0000 - 0x00007ffe5ec79000 	C:\WINDOWS\System32\shcore.dll
0x00007ffe5dc70000 - 0x00007ffe5dc84000 	C:\WINDOWS\System32\profapi.dll
0x00007ffe57490000 - 0x00007ffe574aa000 	D:\android\androidStudio\jre\jre\bin\net.dll
0x00007ffe5d590000 - 0x00007ffe5d5ec000 	C:\WINDOWS\system32\mswsock.dll
0x00007ffe57470000 - 0x00007ffe57481000 	D:\android\androidStudio\jre\jre\bin\nio.dll
0x00007ffe50e30000 - 0x00007ffe50e4e000 	C:\Users\Larry\.gradle\native\25\windows-amd64\native-platform.dll
0x00007ffe5afc0000 - 0x00007ffe5afcd000 	D:\android\androidStudio\jre\jre\bin\management.dll
0x00007ffe5d740000 - 0x00007ffe5d757000 	C:\WINDOWS\SYSTEM32\CRYPTSP.dll
0x00007ffe5d190000 - 0x00007ffe5d1c3000 	C:\WINDOWS\system32\rsaenh.dll
0x00007ffe5d840000 - 0x00007ffe5d86b000 	C:\WINDOWS\SYSTEM32\bcrypt.dll
0x00007ffe5d410000 - 0x00007ffe5d42f000 	C:\WINDOWS\SYSTEM32\USERENV.dll
0x00007ffe5d730000 - 0x00007ffe5d73b000 	C:\WINDOWS\SYSTEM32\CRYPTBASE.dll
0x00007ffe5d310000 - 0x00007ffe5d348000 	C:\WINDOWS\SYSTEM32\IPHLPAPI.DLL
0x00007ffe5f280000 - 0x00007ffe5f288000 	C:\WINDOWS\System32\NSI.dll
0x00007ffe55720000 - 0x00007ffe55736000 	C:\WINDOWS\SYSTEM32\dhcpcsvc6.DLL
0x00007ffe55700000 - 0x00007ffe5571a000 	C:\WINDOWS\SYSTEM32\dhcpcsvc.DLL

VM Arguments:
jvm_args: -Xmx1536m -Dfile.encoding=x-windows-950 -Duser.country=TW -Duser.language=zh -Duser.variant 
java_command: org.gradle.launcher.daemon.bootstrap.GradleDaemon 4.1
java_class_path (initial): C:\Users\Larry\.gradle\wrapper\dists\gradle-4.1-all\bzyivzo6n839fup2jbap0tjew\gradle-4.1\lib\gradle-launcher-4.1.jar
Launcher Type: SUN_STANDARD

Environment Variables:
PATH=C:\MinGW\bin;C:\Program Files\Intel\WiFi\bin\;C:\Program Files\Common Files\Intel\WirelessCommon\;D:\Anaconda;D:\Anaconda\Scripts;D:\Anaconda\Library\bin;C:\Users\Larry\AppData\Local\Programs\Python\Python35\Scripts\;C:\Users\Larry\AppData\Local\Programs\Python\Python35\;C:\Program Files (x86)\Skype\Phone\;C:\Program Files\Git\cmd;C:\WINDOWS\system32;C:\WINDOWS;D:\MAVProxy;C:\Program Files (x86)\NVIDIA Corporation\PhysX\Common;E:\MATLAB\R2017a\runtime\win64;E:\MATLAB\R2017a\bin;C:\Program Files\nodejs\;C:\Users\Larry\AppData\Local\Programs\Python\Python36\Scripts\;C:\Users\Larry\AppData\Local\Programs\Python\Python36\;C:\Users\Larry\AppData\Local\Microsoft\WindowsApps;C:\Modeltech_pe_edu_10.4a\win32pe_edu;C:\Users\Larry\AppData\Local\rodeo\app-2.5.2\bin;C:\Program Files\Heroku\bin;C:\Program Files (x86)\Microsoft VS Code\bin;C:\Python27\Scripts;C:\Users\Larry\AppData\Roaming\npm
USERNAME=Larry
OS=Windows_NT
PROCESSOR_IDENTIFIER=Intel64 Family 6 Model 61 Stepping 4, GenuineIntel



---------------  S Y S T E M  ---------------

OS: Windows 10.0 , 64 bit Build 14393 (10.0.14393.1198)

CPU:total 4 (initial active 4) (2 cores per cpu, 2 threads per core) family 6 model 61 stepping 4, cmov, cx8, fxsr, mmx, sse, sse2, sse3, ssse3, sse4.1, sse4.2, popcnt, avx, avx2, aes, clmul, erms, 3dnowpref, lzcnt, ht, tsc, tscinvbit, bmi1, bmi2, adx

Memory: 4k page, physical 8288684k(1992872k free), swap 10336684k(5304k free)

vm_info: OpenJDK 64-Bit Server VM (25.152-b01) for windows-amd64 JRE (1.8.0_152-release-915-b01), built by "builder" with MS VC++ 10.0 (VS2010)

time: Tue Jan 02 20:37:40 2018
elapsed time: 14 seconds (0d 0h 0m 14s)

